# JRE version: Java(TM) SE Runtime Environment (22.0.1+8) (build 22.0.1+8-16)
# Java VM: Java HotSpot(TM) 64-Bit Server VM (22.0.1+8-16, mixed mode, sharing, tiered, compressed oops, compressed class ptrs, g1 gc, windows-amd64)
GC Precious Log:
 CardTable entry size: 512
 Card Set container configuration: InlinePtr #cards 5 size 8 Array Of Cards #cards 12 size 40 Howl #buckets 4 coarsen threshold 1843 Howl Bitmap #cards 512 size 80 coarsen threshold 460 Card regions per heap region 1 cards per card region 2048
 CPUs: 4 total, 4 available
 Memory: 3979M
 Large Page Support: Disabled
 NUMA Support: Disabled
 Compressed Oops: Enabled (32-bit)
 Heap Region Size: 1M
 Heap Min Capacity: 8M
 Heap Initial Capacity: 64M
 Heap Max Capacity: 996M
 Pre-touch: Disabled
 Parallel Workers: 4
 Concurrent Workers: 1
 Concurrent Refinement Workers: 4
 Periodic GC: Disabled
Heap:
 garbage-first heap   total reserved 1019904K, committed 116736K, used 39017K [0x00000000c1c00000, 0x0000000100000000)
  region size 1024K, 3 young (3072K), 1 survivors (1024K)
 Metaspace       used 55688K, committed 56576K, reserved 1114112K
  class space    used 6698K, committed 7168K, reserved 1048576K
GC Heap History (20 events):
Event: 9571.831 GC heap before
{Heap before GC invocations=25 (full 0):
 garbage-first heap   total reserved 1019904K, committed 109568K, used 95507K [0x00000000c1c00000, 0x0000000100000000)
  region size 1024K, 47 young (48128K), 6 survivors (6144K)
 Metaspace       used 55340K, committed 56128K, reserved 1114112K
  class space    used 6712K, committed 7168K, reserved 1048576K
}
Event: 9571.841 GC heap after
{Heap after GC invocations=26 (full 0):
 garbage-first heap   total reserved 1019904K, committed 109568K, used 56304K [0x00000000c1c00000, 0x0000000100000000)
  region size 1024K, 2 young (2048K), 2 survivors (2048K)
 Metaspace       used 55340K, committed 56128K, reserved 1114112K
  class space    used 6712K, committed 7168K, reserved 1048576K
}
Event: 9577.046 GC heap before
{Heap before GC invocations=27 (full 0):
 garbage-first heap   total reserved 1019904K, committed 111616K, used 110576K [0x00000000c1c00000, 0x0000000100000000)
  region size 1024K, 44 young (45056K), 2 survivors (2048K)
 Metaspace       used 55709K, committed 56512K, reserved 1114112K
  class space    used 6714K, committed 7168K, reserved 1048576K
}
Event: 9577.049 GC heap after
{Heap after GC invocations=28 (full 0):
 garbage-first heap   total reserved 1019904K, committed 113664K, used 61120K [0x00000000c1c00000, 0x0000000100000000)
  region size 1024K, 2 young (2048K), 2 survivors (2048K)
 Metaspace       used 55709K, committed 56512K, reserved 1114112K
  class space    used 6714K, committed 7168K, reserved 1048576K
}
Event: 9621.177 GC heap before
{Heap before GC invocations=28 (full 0):
 garbage-first heap   total reserved 1019904K, committed 113664K, used 112320K [0x00000000c1c00000, 0x0000000100000000)
  region size 1024K, 31 young (31744K), 2 survivors (2048K)
 Metaspace       used 55756K, committed 56512K, reserved 1114112K
  class space    used 6715K, committed 7168K, reserved 1048576K
}
Event: 9621.195 GC heap after
{Heap after GC invocations=29 (full 0):
 garbage-first heap   total reserved 1019904K, committed 116736K, used 71653K [0x00000000c1c00000, 0x0000000100000000)
  region size 1024K, 1 young (1024K), 1 survivors (1024K)
 Metaspace       used 55756K, committed 56512K, reserved 1114112K
  class space    used 6715K, committed 7168K, reserved 1048576K
}
Event: 9787.223 GC heap before
{Heap before GC invocations=29 (full 0):
 garbage-first heap   total reserved 1019904K, committed 116736K, used 108517K [0x00000000c1c00000, 0x0000000100000000)
  region size 1024K, 37 young (37888K), 1 survivors (1024K)
 Metaspace       used 55756K, committed 56512K, reserved 1114112K
  class space    used 6715K, committed 7168K, reserved 1048576K
}
Event: 9787.229 GC heap after
{Heap after GC invocations=30 (full 0):
 garbage-first heap   total reserved 1019904K, committed 116736K, used 54206K [0x00000000c1c00000, 0x0000000100000000)
  region size 1024K, 1 young (1024K), 1 survivors (1024K)
 Metaspace       used 55756K, committed 56512K, reserved 1114112K
  class space    used 6715K, committed 7168K, reserved 1048576K
}
Event: 10033.159 GC heap before
{Heap before GC invocations=31 (full 0):
 garbage-first heap   total reserved 1019904K, committed 116736K, used 104382K [0x00000000c1c00000, 0x0000000100000000)
  region size 1024K, 54 young (55296K), 1 survivors (1024K)
 Metaspace       used 55752K, committed 56512K, reserved 1114112K
  class space    used 6715K, committed 7168K, reserved 1048576K
}
Event: 10033.167 GC heap after
{Heap after GC invocations=32 (full 0):
 garbage-first heap   total reserved 1019904K, committed 116736K, used 50188K [0x00000000c1c00000, 0x0000000100000000)
  region size 1024K, 2 young (2048K), 2 survivors (2048K)
 Metaspace       used 55752K, committed 56512K, reserved 1114112K
  class space    used 6715K, committed 7168K, reserved 1048576K
}
Event: 10288.839 GC heap before
{Heap before GC invocations=32 (full 0):
 garbage-first heap   total reserved 1019904K, committed 116736K, used 106508K [0x00000000c1c00000, 0x0000000100000000)
  region size 1024K, 57 young (58368K), 2 survivors (2048K)
 Metaspace       used 55752K, committed 56512K, reserved 1114112K
  class space    used 6715K, committed 7168K, reserved 1048576K
}
Event: 10288.850 GC heap after
{Heap after GC invocations=33 (full 0):
 garbage-first heap   total reserved 1019904K, committed 116736K, used 46611K [0x00000000c1c00000, 0x0000000100000000)
  region size 1024K, 2 young (2048K), 2 survivors (2048K)
 Metaspace       used 55752K, committed 56512K, reserved 1114112K
  class space    used 6715K, committed 7168K, reserved 1048576K
}
Event: 10559.207 GC heap before
{Heap before GC invocations=33 (full 0):
 garbage-first heap   total reserved 1019904K, committed 116736K, used 106003K [0x00000000c1c00000, 0x0000000100000000)
  region size 1024K, 60 young (61440K), 2 survivors (2048K)
 Metaspace       used 55752K, committed 56512K, reserved 1114112K
  class space    used 6715K, committed 7168K, reserved 1048576K
}
Event: 10559.214 GC heap after
{Heap after GC invocations=34 (full 0):
 garbage-first heap   total reserved 1019904K, committed 116736K, used 46612K [0x00000000c1c00000, 0x0000000100000000)
  region size 1024K, 2 young (2048K), 2 survivors (2048K)
 Metaspace       used 55752K, committed 56512K, reserved 1114112K
  class space    used 6715K, committed 7168K, reserved 1048576K
}
Event: 10830.186 GC heap before
{Heap before GC invocations=35 (full 0):
 garbage-first heap   total reserved 1019904K, committed 116736K, used 106004K [0x00000000c1c00000, 0x0000000100000000)
  region size 1024K, 60 young (61440K), 2 survivors (2048K)
 Metaspace       used 55683K, committed 56512K, reserved 1114112K
  class space    used 6698K, committed 7168K, reserved 1048576K
}
Event: 10830.194 GC heap after
{Heap after GC invocations=36 (full 0):
 garbage-first heap   total reserved 1019904K, committed 116736K, used 46141K [0x00000000c1c00000, 0x0000000100000000)
  region size 1024K, 1 young (1024K), 1 survivors (1024K)
 Metaspace       used 55683K, committed 56512K, reserved 1114112K
  class space    used 6698K, committed 7168K, reserved 1048576K
}
Event: 11110.344 GC heap before
{Heap before GC invocations=36 (full 0):
 garbage-first heap   total reserved 1019904K, committed 116736K, used 107581K [0x00000000c1c00000, 0x0000000100000000)
  region size 1024K, 61 young (62464K), 1 survivors (1024K)
 Metaspace       used 55684K, committed 56512K, reserved 1114112K
  class space    used 6698K, committed 7168K, reserved 1048576K
}
Event: 11110.354 GC heap after
{Heap after GC invocations=37 (full 0):
 garbage-first heap   total reserved 1019904K, committed 116736K, used 38055K [0x00000000c1c00000, 0x0000000100000000)
  region size 1024K, 1 young (1024K), 1 survivors (1024K)
 Metaspace       used 55684K, committed 56512K, reserved 1114112K
  class space    used 6698K, committed 7168K, reserved 1048576K
}
Event: 52464.632 GC heap before
{Heap before GC invocations=37 (full 0):
 garbage-first heap   total reserved 1019904K, committed 116736K, used 106663K [0x00000000c1c00000, 0x0000000100000000)
  region size 1024K, 68 young (69632K), 1 survivors (1024K)
 Metaspace       used 55688K, committed 56576K, reserved 1114112K
  class space    used 6698K, committed 7168K, reserved 1048576K
}
Event: 52464.635 GC heap after
{Heap after GC invocations=38 (full 0):
 garbage-first heap   total reserved 1019904K, committed 116736K, used 37993K [0x00000000c1c00000, 0x0000000100000000)
  region size 1024K, 1 young (1024K), 1 survivors (1024K)
 Metaspace       used 55688K, committed 56576K, reserved 1114112K
  class space    used 6698K, committed 7168K, reserved 1048576K
}

