# JRE version: Java(TM) SE Runtime Environment (22.0.1+8) (build 22.0.1+8-16)
# Java VM: Java HotSpot(TM) 64-Bit Server VM (22.0.1+8-16, mixed mode, sharing, tiered, compressed oops, compressed class ptrs, g1 gc, windows-amd64)
GC Precious Log:
 CardTable entry size: 512
 Card Set container configuration: InlinePtr #cards 5 size 8 Array Of Cards #cards 12 size 40 Howl #buckets 4 coarsen threshold 1843 Howl Bitmap #cards 512 size 80 coarsen threshold 460 Card regions per heap region 1 cards per card region 2048
 CPUs: 4 total, 4 available
 Memory: 3979M
 Large Page Support: Disabled
 NUMA Support: Disabled
 Compressed Oops: Enabled (32-bit)
 Heap Region Size: 1M
 Heap Min Capacity: 8M
 Heap Initial Capacity: 64M
 Heap Max Capacity: 996M
 Pre-touch: Disabled
 Parallel Workers: 4
 Concurrent Workers: 1
 Concurrent Refinement Workers: 4
 Periodic GC: Disabled
Heap:
 garbage-first heap   total reserved 1019904K, committed 97280K, used 59399K [0x00000000c1c00000, 0x0000000100000000)
  region size 1024K, 9 young (9216K), 2 survivors (2048K)
 Metaspace       used 25524K, committed 25920K, reserved 1114112K
  class space    used 3281K, committed 3456K, reserved 1048576K
GC Heap History (20 events):
Event: 9674.793 GC heap before
{Heap before GC invocations=19 (full 0):
 garbage-first heap   total reserved 1019904K, committed 97280K, used 89404K [0x00000000c1c00000, 0x0000000100000000)
  region size 1024K, 57 young (58368K), 1 survivors (1024K)
 Metaspace       used 25281K, committed 25664K, reserved 1114112K
  class space    used 3276K, committed 3456K, reserved 1048576K
}
Event: 9674.798 GC heap after
{Heap after GC invocations=20 (full 0):
 garbage-first heap   total reserved 1019904K, committed 97280K, used 32350K [0x00000000c1c00000, 0x0000000100000000)
  region size 1024K, 1 young (1024K), 1 survivors (1024K)
 Metaspace       used 25281K, committed 25664K, reserved 1114112K
  class space    used 3276K, committed 3456K, reserved 1048576K
}
Event: 10462.441 GC heap before
{Heap before GC invocations=20 (full 0):
 garbage-first heap   total reserved 1019904K, committed 97280K, used 89694K [0x00000000c1c00000, 0x0000000100000000)
  region size 1024K, 57 young (58368K), 1 survivors (1024K)
 Metaspace       used 25281K, committed 25664K, reserved 1114112K
  class space    used 3276K, committed 3456K, reserved 1048576K
}
Event: 10462.445 GC heap after
{Heap after GC invocations=21 (full 0):
 garbage-first heap   total reserved 1019904K, committed 97280K, used 32293K [0x00000000c1c00000, 0x0000000100000000)
  region size 1024K, 1 young (1024K), 1 survivors (1024K)
 Metaspace       used 25281K, committed 25664K, reserved 1114112K
  class space    used 3276K, committed 3456K, reserved 1048576K
}
Event: 14419.918 GC heap before
{Heap before GC invocations=21 (full 0):
 garbage-first heap   total reserved 1019904K, committed 97280K, used 89637K [0x00000000c1c00000, 0x0000000100000000)
  region size 1024K, 57 young (58368K), 1 survivors (1024K)
 Metaspace       used 25313K, committed 25664K, reserved 1114112K
  class space    used 3277K, committed 3456K, reserved 1048576K
}
Event: 14419.924 GC heap after
{Heap after GC invocations=22 (full 0):
 garbage-first heap   total reserved 1019904K, committed 97280K, used 32377K [0x00000000c1c00000, 0x0000000100000000)
  region size 1024K, 1 young (1024K), 1 survivors (1024K)
 Metaspace       used 25313K, committed 25664K, reserved 1114112K
  class space    used 3277K, committed 3456K, reserved 1048576K
}
Event: 15207.150 GC heap before
{Heap before GC invocations=22 (full 0):
 garbage-first heap   total reserved 1019904K, committed 97280K, used 89721K [0x00000000c1c00000, 0x0000000100000000)
  region size 1024K, 57 young (58368K), 1 survivors (1024K)
 Metaspace       used 25313K, committed 25664K, reserved 1114112K
  class space    used 3277K, committed 3456K, reserved 1048576K
}
Event: 15207.155 GC heap after
{Heap after GC invocations=23 (full 0):
 garbage-first heap   total reserved 1019904K, committed 97280K, used 32367K [0x00000000c1c00000, 0x0000000100000000)
  region size 1024K, 1 young (1024K), 1 survivors (1024K)
 Metaspace       used 25313K, committed 25664K, reserved 1114112K
  class space    used 3277K, committed 3456K, reserved 1048576K
}
Event: 15992.590 GC heap before
{Heap before GC invocations=23 (full 0):
 garbage-first heap   total reserved 1019904K, committed 97280K, used 89711K [0x00000000c1c00000, 0x0000000100000000)
  region size 1024K, 57 young (58368K), 1 survivors (1024K)
 Metaspace       used 25313K, committed 25664K, reserved 1114112K
  class space    used 3277K, committed 3456K, reserved 1048576K
}
Event: 15992.595 GC heap after
{Heap after GC invocations=24 (full 0):
 garbage-first heap   total reserved 1019904K, committed 97280K, used 32382K [0x00000000c1c00000, 0x0000000100000000)
  region size 1024K, 1 young (1024K), 1 survivors (1024K)
 Metaspace       used 25313K, committed 25664K, reserved 1114112K
  class space    used 3277K, committed 3456K, reserved 1048576K
}
Event: 88538.921 GC heap before
{Heap before GC invocations=24 (full 0):
 garbage-first heap   total reserved 1019904K, committed 97280K, used 89726K [0x00000000c1c00000, 0x0000000100000000)
  region size 1024K, 57 young (58368K), 1 survivors (1024K)
 Metaspace       used 25313K, committed 25664K, reserved 1114112K
  class space    used 3277K, committed 3456K, reserved 1048576K
}
Event: 88538.925 GC heap after
{Heap after GC invocations=25 (full 0):
 garbage-first heap   total reserved 1019904K, committed 97280K, used 32454K [0x00000000c1c00000, 0x0000000100000000)
  region size 1024K, 1 young (1024K), 1 survivors (1024K)
 Metaspace       used 25313K, committed 25664K, reserved 1114112K
  class space    used 3277K, committed 3456K, reserved 1048576K
}
Event: 88540.662 GC heap before
{Heap before GC invocations=25 (full 0):
 garbage-first heap   total reserved 1019904K, committed 97280K, used 89798K [0x00000000c1c00000, 0x0000000100000000)
  region size 1024K, 57 young (58368K), 1 survivors (1024K)
 Metaspace       used 25313K, committed 25664K, reserved 1114112K
  class space    used 3277K, committed 3456K, reserved 1048576K
}
Event: 88540.663 GC heap after
{Heap after GC invocations=26 (full 0):
 garbage-first heap   total reserved 1019904K, committed 97280K, used 32387K [0x00000000c1c00000, 0x0000000100000000)
  region size 1024K, 1 young (1024K), 1 survivors (1024K)
 Metaspace       used 25313K, committed 25664K, reserved 1114112K
  class space    used 3277K, committed 3456K, reserved 1048576K
}
Event: 89029.699 GC heap before
{Heap before GC invocations=26 (full 0):
 garbage-first heap   total reserved 1019904K, committed 97280K, used 89731K [0x00000000c1c00000, 0x0000000100000000)
  region size 1024K, 57 young (58368K), 1 survivors (1024K)
 Metaspace       used 25413K, committed 25856K, reserved 1114112K
  class space    used 3278K, committed 3456K, reserved 1048576K
}
Event: 89029.707 GC heap after
{Heap after GC invocations=27 (full 0):
 garbage-first heap   total reserved 1019904K, committed 97280K, used 32556K [0x00000000c1c00000, 0x0000000100000000)
  region size 1024K, 1 young (1024K), 1 survivors (1024K)
 Metaspace       used 25413K, committed 25856K, reserved 1114112K
  class space    used 3278K, committed 3456K, reserved 1048576K
}
Event: 89031.665 GC heap before
{Heap before GC invocations=27 (full 0):
 garbage-first heap   total reserved 1019904K, committed 97280K, used 35628K [0x00000000c1c00000, 0x0000000100000000)
  region size 1024K, 5 young (5120K), 1 survivors (1024K)
 Metaspace       used 25455K, committed 25856K, reserved 1114112K
  class space    used 3280K, committed 3456K, reserved 1048576K
}
Event: 89031.667 GC heap after
{Heap after GC invocations=28 (full 0):
 garbage-first heap   total reserved 1019904K, committed 97280K, used 32824K [0x00000000c1c00000, 0x0000000100000000)
  region size 1024K, 2 young (2048K), 2 survivors (2048K)
 Metaspace       used 25455K, committed 25856K, reserved 1114112K
  class space    used 3280K, committed 3456K, reserved 1048576K
}
Event: 89031.737 GC heap before
{Heap before GC invocations=28 (full 0):
 garbage-first heap   total reserved 1019904K, committed 97280K, used 49208K [0x00000000c1c00000, 0x0000000100000000)
  region size 1024K, 3 young (3072K), 2 survivors (2048K)
 Metaspace       used 25455K, committed 25856K, reserved 1114112K
  class space    used 3280K, committed 3456K, reserved 1048576K
}
Event: 89031.739 GC heap after
{Heap after GC invocations=29 (full 0):
 garbage-first heap   total reserved 1019904K, committed 97280K, used 49159K [0x00000000c1c00000, 0x0000000100000000)
  region size 1024K, 2 young (2048K), 2 survivors (2048K)
 Metaspace       used 25455K, committed 25856K, reserved 1114112K
  class space    used 3280K, committed 3456K, reserved 1048576K
}

